TN:
SF:src/components/auth/RegisterForm.tsx
FN:9,(anonymous_7)
FN:19,(anonymous_8)
FN:19,(anonymous_9)
FN:90,(anonymous_10)
FN:104,(anonymous_11)
FN:131,(anonymous_12)
FN:145,(anonymous_13)
FN:160,(anonymous_14)
FN:176,(anonymous_15)
FNF:9
FNH:9
FNDA:613,(anonymous_7)
FNDA:14,(anonymous_8)
FNDA:14,(anonymous_9)
FNDA:1,(anonymous_10)
FNDA:3,(anonymous_11)
FNDA:8,(anonymous_12)
FNDA:247,(anonymous_13)
FNDA:157,(anonymous_14)
FNDA:158,(anonymous_15)
DA:2,1
DA:3,1
DA:4,1
DA:5,1
DA:6,1
DA:7,1
DA:9,1
DA:10,613
DA:11,613
DA:12,613
DA:13,613
DA:14,613
DA:16,613
DA:17,613
DA:19,613
DA:20,14
DA:23,14
DA:24,1
DA:29,1
DA:32,13
DA:33,1
DA:38,1
DA:41,12
DA:43,12
DA:45,12
DA:47,12
DA:58,11
DA:59,5
DA:61,5
DA:63,5
DA:64,1
DA:65,4
DA:66,1
DA:67,3
DA:68,1
DA:71,5
DA:76,5
DA:79,6
DA:80,2
DA:81,2
DA:82,2
DA:84,2
DA:90,2
DA:91,1
DA:92,1
DA:94,4
DA:96,4
DA:98,4
DA:104,4
DA:105,3
DA:109,1
DA:110,1
DA:116,12
DA:120,613
DA:131,8
DA:145,247
DA:160,157
DA:176,158
DA:207,1
LF:59
LH:59
BRDA:23,0,0,1
BRDA:23,0,1,13
BRDA:32,1,0,1
BRDA:32,1,1,12
BRDA:53,2,0,12
BRDA:53,2,1,11
BRDA:58,3,0,5
BRDA:58,3,1,6
BRDA:63,4,0,1
BRDA:63,4,1,4
BRDA:65,5,0,1
BRDA:65,5,1,3
BRDA:67,6,0,1
BRDA:67,6,1,2
BRDA:79,7,0,2
BRDA:79,7,1,4
BRDA:79,8,0,6
BRDA:79,8,1,6
BRDA:94,9,0,4
BRDA:94,9,1,0
BRDA:94,10,0,4
BRDA:94,10,1,4
BRDA:188,11,0,12
BRDA:188,11,1,601
BRF:24
BRH:23
end_of_record
