TN:
SF:src/components/auth/ForgotPasswordForm.tsx
FN:8,(anonymous_7)
FN:16,(anonymous_8)
FN:16,(anonymous_9)
FN:114,(anonymous_10)
FN:137,(anonymous_11)
FNF:5
FNH:0
FNDA:0,(anonymous_7)
FNDA:0,(anonymous_8)
FNDA:0,(anonymous_9)
FNDA:0,(anonymous_10)
FNDA:0,(anonymous_11)
DA:1,0
DA:2,0
DA:3,0
DA:4,0
DA:5,0
DA:6,0
DA:8,0
DA:9,0
DA:10,0
DA:11,0
DA:13,0
DA:14,0
DA:16,0
DA:17,0
DA:19,0
DA:20,0
DA:25,0
DA:28,0
DA:30,0
DA:31,0
DA:32,0
DA:34,0
DA:35,0
DA:39,0
DA:40,0
DA:41,0
DA:47,0
DA:49,0
DA:50,0
DA:51,0
DA:52,0
DA:53,0
DA:54,0
DA:55,0
DA:56,0
DA:59,0
DA:64,0
DA:67,0
DA:69,0
DA:71,0
DA:77,0
DA:78,0
DA:84,0
DA:88,0
DA:89,0
DA:115,0
DA:116,0
DA:126,0
DA:137,0
DA:161,0
LF:50
LH:0
BRDA:19,0,0,0
BRDA:19,0,1,0
BRDA:39,1,0,0
BRDA:39,1,1,0
BRDA:49,2,0,0
BRDA:49,2,1,0
BRDA:51,3,0,0
BRDA:51,3,1,0
BRDA:53,4,0,0
BRDA:53,4,1,0
BRDA:55,5,0,0
BRDA:55,5,1,0
BRDA:88,6,0,0
BRDA:88,6,1,0
BRDA:148,7,0,0
BRDA:148,7,1,0
BRF:16
BRH:0
end_of_record
TN:
SF:src/components/auth/LoginForm.tsx
FN:9,(anonymous_7)
FN:20,(anonymous_8)
FN:20,(anonymous_9)
FN:63,(anonymous_10)
FN:109,(anonymous_11)
FN:125,(anonymous_12)
FNF:6
FNH:5
FNDA:277,(anonymous_7)
FNDA:8,(anonymous_8)
FNDA:8,(anonymous_9)
FNDA:0,(anonymous_10)
FNDA:144,(anonymous_11)
FNDA:103,(anonymous_12)
DA:1,1
DA:2,1
DA:3,1
DA:4,1
DA:5,1
DA:6,1
DA:7,1
DA:9,1
DA:10,277
DA:11,277
DA:12,277
DA:14,277
DA:15,277
DA:18,277
DA:20,277
DA:21,8
DA:23,8
DA:24,0
DA:29,0
DA:32,8
DA:33,8
DA:35,8
DA:37,8
DA:39,7
DA:40,4
DA:43,4
DA:53,4
DA:54,4
DA:55,4
DA:57,4
DA:63,4
DA:64,0
DA:65,0
DA:68,3
DA:71,3
DA:72,3
DA:73,1
DA:74,2
DA:75,1
DA:76,1
DA:77,1
DA:80,3
DA:87,1
DA:88,1
DA:94,8
DA:98,277
DA:109,144
DA:125,103
DA:154,1
LF:49
LH:45
BRDA:23,0,0,0
BRDA:23,0,1,8
BRDA:23,1,0,8
BRDA:23,1,1,8
BRDA:39,2,0,4
BRDA:39,2,1,3
BRDA:39,3,0,7
BRDA:39,3,1,4
BRDA:45,4,0,4
BRDA:45,4,1,0
BRDA:46,5,0,4
BRDA:46,5,1,3
BRDA:47,6,0,4
BRDA:47,6,1,3
BRDA:48,7,0,4
BRDA:48,7,1,3
BRDA:72,8,0,1
BRDA:72,8,1,2
BRDA:72,9,0,0
BRDA:72,9,1,3
BRDA:72,10,0,3
BRDA:72,10,1,3
BRDA:74,11,0,1
BRDA:74,11,1,1
BRDA:74,12,0,0
BRDA:74,12,1,2
BRDA:74,13,0,2
BRDA:74,13,1,2
BRDA:76,14,0,1
BRDA:76,14,1,0
BRDA:137,15,0,8
BRDA:137,15,1,269
BRF:32
BRH:27
end_of_record
TN:
SF:src/components/auth/MagicLinkForm.tsx
FN:9,(anonymous_7)
FN:16,(anonymous_8)
FN:16,(anonymous_9)
FN:112,(anonymous_10)
FN:135,(anonymous_11)
FNF:5
FNH:0
FNDA:0,(anonymous_7)
FNDA:0,(anonymous_8)
FNDA:0,(anonymous_9)
FNDA:0,(anonymous_10)
FNDA:0,(anonymous_11)
DA:2,0
DA:3,0
DA:4,0
DA:5,0
DA:6,0
DA:7,0
DA:9,0
DA:10,0
DA:11,0
DA:12,0
DA:14,0
DA:16,0
DA:17,0
DA:19,0
DA:20,0
DA:25,0
DA:28,0
DA:30,0
DA:31,0
DA:33,0
DA:34,0
DA:41,0
DA:42,0
DA:44,0
DA:46,0
DA:47,0
DA:48,0
DA:49,0
DA:50,0
DA:51,0
DA:54,0
DA:59,0
DA:62,0
DA:64,0
DA:66,0
DA:72,0
DA:73,0
DA:79,0
DA:83,0
DA:84,0
DA:113,0
DA:114,0
DA:124,0
DA:135,0
DA:159,0
LF:45
LH:0
BRDA:19,0,0,0
BRDA:19,0,1,0
BRDA:41,1,0,0
BRDA:41,1,1,0
BRDA:46,2,0,0
BRDA:46,2,1,0
BRDA:48,3,0,0
BRDA:48,3,1,0
BRDA:50,4,0,0
BRDA:50,4,1,0
BRDA:83,5,0,0
BRDA:83,5,1,0
BRDA:146,6,0,0
BRDA:146,6,1,0
BRF:14
BRH:0
end_of_record
TN:
SF:src/components/auth/ManageAccountPrompt.tsx
FN:9,(anonymous_0)
FNF:1
FNH:0
FNDA:0,(anonymous_0)
DA:3,0
DA:9,0
DA:10,0
DA:24,0
LF:4
LH:0
BRF:0
BRH:0
end_of_record
TN:
SF:src/components/auth/RegisterForm.tsx
FN:9,(anonymous_7)
FN:19,(anonymous_8)
FN:19,(anonymous_9)
FN:90,(anonymous_10)
FN:104,(anonymous_11)
FN:131,(anonymous_12)
FN:145,(anonymous_13)
FN:160,(anonymous_14)
FN:176,(anonymous_15)
FNF:9
FNH:0
FNDA:0,(anonymous_7)
FNDA:0,(anonymous_8)
FNDA:0,(anonymous_9)
FNDA:0,(anonymous_10)
FNDA:0,(anonymous_11)
FNDA:0,(anonymous_12)
FNDA:0,(anonymous_13)
FNDA:0,(anonymous_14)
FNDA:0,(anonymous_15)
DA:2,0
DA:3,0
DA:4,0
DA:5,0
DA:6,0
DA:7,0
DA:9,0
DA:10,0
DA:11,0
DA:12,0
DA:13,0
DA:14,0
DA:16,0
DA:17,0
DA:19,0
DA:20,0
DA:23,0
DA:24,0
DA:29,0
DA:32,0
DA:33,0
DA:38,0
DA:41,0
DA:43,0
DA:45,0
DA:47,0
DA:58,0
DA:59,0
DA:61,0
DA:63,0
DA:64,0
DA:65,0
DA:66,0
DA:67,0
DA:68,0
DA:71,0
DA:76,0
DA:79,0
DA:80,0
DA:81,0
DA:82,0
DA:84,0
DA:90,0
DA:91,0
DA:92,0
DA:94,0
DA:96,0
DA:98,0
DA:104,0
DA:105,0
DA:109,0
DA:110,0
DA:116,0
DA:120,0
DA:131,0
DA:145,0
DA:160,0
DA:176,0
DA:207,0
LF:59
LH:0
BRDA:23,0,0,0
BRDA:23,0,1,0
BRDA:32,1,0,0
BRDA:32,1,1,0
BRDA:53,2,0,0
BRDA:53,2,1,0
BRDA:58,3,0,0
BRDA:58,3,1,0
BRDA:63,4,0,0
BRDA:63,4,1,0
BRDA:65,5,0,0
BRDA:65,5,1,0
BRDA:67,6,0,0
BRDA:67,6,1,0
BRDA:79,7,0,0
BRDA:79,7,1,0
BRDA:79,8,0,0
BRDA:79,8,1,0
BRDA:94,9,0,0
BRDA:94,9,1,0
BRDA:94,10,0,0
BRDA:94,10,1,0
BRDA:188,11,0,0
BRDA:188,11,1,0
BRF:24
BRH:0
end_of_record
TN:
SF:src/components/auth/ResetPasswordForm.tsx
FN:8,(anonymous_7)
FN:19,(anonymous_8)
FN:20,(anonymous_9)
FN:20,(anonymous_10)
FN:96,(anonymous_11)
FN:106,(anonymous_12)
FN:116,(anonymous_13)
FN:116,(anonymous_14)
FN:168,(anonymous_15)
FN:183,(anonymous_16)
FN:236,(anonymous_17)
FN:252,(anonymous_18)
FNF:12
FNH:0
FNDA:0,(anonymous_7)
FNDA:0,(anonymous_8)
FNDA:0,(anonymous_9)
FNDA:0,(anonymous_10)
FNDA:0,(anonymous_11)
FNDA:0,(anonymous_12)
FNDA:0,(anonymous_13)
FNDA:0,(anonymous_14)
FNDA:0,(anonymous_15)
FNDA:0,(anonymous_16)
FNDA:0,(anonymous_17)
FNDA:0,(anonymous_18)
DA:1,0
DA:2,0
DA:3,0
DA:4,0
DA:5,0
DA:6,0
DA:8,0
DA:9,0
DA:10,0
DA:11,0
DA:12,0
DA:13,0
DA:15,0
DA:16,0
DA:17,0
DA:19,0
DA:20,0
DA:21,0
DA:23,0
DA:25,0
DA:26,0
DA:27,0
DA:28,0
DA:31,0
DA:32,0
DA:33,0
DA:34,0
DA:37,0
DA:45,0
DA:46,0
DA:48,0
DA:53,0
DA:54,0
DA:55,0
DA:58,0
DA:59,0
DA:60,0
DA:62,0
DA:68,0
DA:69,0
DA:74,0
DA:76,0
DA:77,0
DA:78,0
DA:81,0
DA:82,0
DA:83,0
DA:85,0
DA:90,0
DA:91,0
DA:96,0
DA:97,0
DA:100,0
DA:101,0
DA:106,0
DA:107,0
DA:109,0
DA:113,0
DA:116,0
DA:117,0
DA:120,0
DA:121,0
DA:126,0
DA:129,0
DA:130,0
DA:135,0
DA:138,0
DA:140,0
DA:142,0
DA:143,0
DA:147,0
DA:148,0
DA:150,0
DA:152,0
DA:153,0
DA:154,0
DA:155,0
DA:156,0
DA:157,0
DA:160,0
DA:167,0
DA:168,0
DA:170,0
DA:173,0
DA:175,0
DA:181,0
DA:183,0
DA:184,0
DA:185,0
DA:189,0
DA:190,0
DA:196,0
DA:201,0
DA:202,0
DA:213,0
DA:214,0
DA:225,0
DA:236,0
DA:252,0
DA:277,0
LF:100
LH:0
BRDA:31,0,0,0
BRDA:31,0,1,0
BRDA:41,1,0,0
BRDA:41,1,1,0
BRDA:45,2,0,0
BRDA:45,2,1,0
BRDA:45,3,0,0
BRDA:45,3,1,0
BRDA:45,3,2,0
BRDA:53,4,0,0
BRDA:53,4,1,0
BRDA:58,5,0,0
BRDA:58,5,1,0
BRDA:58,6,0,0
BRDA:58,6,1,0
BRDA:76,7,0,0
BRDA:76,7,1,0
BRDA:81,8,0,0
BRDA:81,8,1,0
BRDA:120,9,0,0
BRDA:120,9,1,0
BRDA:129,10,0,0
BRDA:129,10,1,0
BRDA:147,11,0,0
BRDA:147,11,1,0
BRDA:152,12,0,0
BRDA:152,12,1,0
BRDA:154,13,0,0
BRDA:154,13,1,0
BRDA:156,14,0,0
BRDA:156,14,1,0
BRDA:167,15,0,0
BRDA:167,15,1,0
BRDA:201,16,0,0
BRDA:201,16,1,0
BRDA:213,17,0,0
BRDA:213,17,1,0
BRDA:264,18,0,0
BRDA:264,18,1,0
BRF:39
BRH:0
end_of_record
TN:
SF:src/pages/Login.tsx
FN:13,(anonymous_1)
FN:27,(anonymous_2)
FNF:2
FNH:2
FNDA:17,(anonymous_1)
FNDA:17,(anonymous_2)
DA:1,1
DA:2,1
DA:9,1
DA:10,1
DA:11,1
DA:13,1
DA:15,17
DA:18,17
DA:19,17
DA:20,17
DA:21,17
DA:23,17
DA:24,17
DA:27,17
DA:28,17
DA:29,1
DA:30,1
DA:33,1
DA:38,17
DA:39,3
DA:40,3
DA:50,14
DA:109,1
LF:23
LH:23
BRDA:28,0,0,1
BRDA:28,0,1,16
BRDA:28,1,0,17
BRDA:28,1,1,14
BRDA:28,1,2,2
BRDA:28,1,3,2
BRDA:38,2,0,3
BRDA:38,2,1,14
BRDA:38,3,0,17
BRDA:38,3,1,16
BRDA:39,4,0,1
BRDA:39,4,1,2
BRF:12
BRH:12
end_of_record
TN:
SF:src/test/utils.tsx
FN:7,(anonymous_4)
FN:26,(anonymous_5)
FN:39,(anonymous_6)
FN:97,(anonymous_7)
FN:98,(anonymous_8)
FN:101,(anonymous_9)
FN:103,(anonymous_10)
FN:106,(anonymous_11)
FNF:8
FNH:0
FNDA:0,(anonymous_4)
FNDA:0,(anonymous_5)
FNDA:0,(anonymous_6)
FNDA:0,(anonymous_7)
FNDA:0,(anonymous_8)
FNDA:0,(anonymous_9)
FNDA:0,(anonymous_10)
FNDA:0,(anonymous_11)
DA:1,0
DA:2,0
DA:4,0
DA:7,0
DA:8,0
DA:26,0
DA:27,0
DA:29,0
DA:39,0
DA:42,0
DA:45,0
DA:55,0
DA:61,0
DA:68,0
DA:77,0
DA:83,0
DA:91,0
DA:97,0
DA:98,0
DA:101,0
DA:103,0
DA:106,0
DA:108,0
DA:113,0
DA:114,0
DA:115,0
LF:26
LH:0
BRDA:103,0,0,0
BRDA:103,0,1,0
BRDA:107,1,0,0
BRF:3
BRH:0
end_of_record
